<?xml version="1.0" encoding="UTF-8"?>
<coverage generated="1723734102948" clover="3.2.0">
  <project timestamp="1723734102948" name="All files">
    <metrics statements="28" coveredstatements="28" conditionals="5" coveredconditionals="5" methods="4" coveredmethods="4" elements="37" coveredelements="37" complexity="0" loc="28" ncloc="28" packages="1" files="1" classes="1"/>
    <file name="ShoppingForm.tsx" path="C:\Users\annaa\OneDrive\Skrivbord\Handlingslista\handlingslista\src\components\ShoppingForm.tsx">
      <metrics statements="28" coveredstatements="28" conditionals="5" coveredconditionals="5" methods="4" coveredmethods="4"/>
      <line num="1" count="1" type="stmt"/>
      <line num="6" count="6" type="cond" truecount="1" falsecount="0"/>
      <line num="7" count="6" type="stmt"/>
      <line num="8" count="6" type="stmt"/>
      <line num="9" count="6" type="cond" truecount="1" falsecount="0"/>
      <line num="10" count="2" type="stmt"/>
      <line num="11" count="2" type="cond" truecount="1" falsecount="0"/>
      <line num="12" count="1" type="stmt"/>
      <line num="13" count="1" type="stmt"/>
      <line num="14" count="1" type="stmt"/>
      <line num="15" count="1" type="stmt"/>
      <line num="17" count="6" type="stmt"/>
      <line num="18" count="6" type="stmt"/>
      <line num="19" count="6" type="stmt"/>
      <line num="20" count="6" type="stmt"/>
      <line num="21" count="6" type="stmt"/>
      <line num="22" count="6" type="stmt"/>
      <line num="23" count="6" type="stmt"/>
      <line num="24" count="6" type="stmt"/>
      <line num="25" count="6" type="cond" truecount="1" falsecount="0"/>
      <line num="27" count="6" type="stmt"/>
      <line num="28" count="6" type="stmt"/>
      <line num="29" count="6" type="stmt"/>
      <line num="30" count="6" type="stmt"/>
      <line num="31" count="6" type="cond" truecount="1" falsecount="0"/>
      <line num="33" count="6" type="stmt"/>
      <line num="37" count="6" type="stmt"/>
      <line num="39" count="1" type="stmt"/>
    </file>
  </project>
</coverage>
