{"C:\\Users\\annaa\\OneDrive\\Skrivbord\\Handlingslista\\handlingslista\\src\\components\\ShoppingForm.tsx": {"path":"C:\\Users\\annaa\\OneDrive\\Skrivbord\\Handlingslista\\handlingslista\\src\\components\\ShoppingForm.tsx","all":false,"statementMap":{"0":{"start":{"line":1,"column":0},"end":{"line":1,"column":44}},"5":{"start":{"line":6,"column":0},"end":{"line":6,"column":37}},"6":{"start":{"line":7,"column":0},"end":{"line":7,"column":47}},"7":{"start":{"line":8,"column":0},"end":{"line":8,"column":54}},"8":{"start":{"line":9,"column":0},"end":{"line":9,"column":42}},"9":{"start":{"line":10,"column":0},"end":{"line":10,"column":23}},"10":{"start":{"line":11,"column":0},"end":{"line":11,"column":22}},"11":{"start":{"line":12,"column":0},"end":{"line":12,"column":35}},"12":{"start":{"line":13,"column":0},"end":{"line":13,"column":16}},"13":{"start":{"line":14,"column":0},"end":{"line":14,"column":19}},"14":{"start":{"line":15,"column":0},"end":{"line":15,"column":4}},"16":{"start":{"line":17,"column":0},"end":{"line":17,"column":10}},"17":{"start":{"line":18,"column":0},"end":{"line":18,"column":35}},"18":{"start":{"line":19,"column":0},"end":{"line":19,"column":36}},"19":{"start":{"line":20,"column":0},"end":{"line":20,"column":36}},"20":{"start":{"line":21,"column":0},"end":{"line":21,"column":14}},"21":{"start":{"line":22,"column":0},"end":{"line":22,"column":21}},"22":{"start":{"line":23,"column":0},"end":{"line":23,"column":38}},"23":{"start":{"line":24,"column":0},"end":{"line":24,"column":22}},"24":{"start":{"line":25,"column":0},"end":{"line":25,"column":51}},"26":{"start":{"line":27,"column":0},"end":{"line":27,"column":33}},"27":{"start":{"line":28,"column":0},"end":{"line":28,"column":14}},"28":{"start":{"line":29,"column":0},"end":{"line":29,"column":23}},"29":{"start":{"line":30,"column":0},"end":{"line":30,"column":26}},"30":{"start":{"line":31,"column":0},"end":{"line":31,"column":78}},"32":{"start":{"line":33,"column":0},"end":{"line":33,"column":40}},"36":{"start":{"line":37,"column":0},"end":{"line":37,"column":1}},"38":{"start":{"line":39,"column":0},"end":{"line":39,"column":28}}},"s":{"0":1,"5":6,"6":6,"7":6,"8":6,"9":2,"10":2,"11":1,"12":1,"13":1,"14":1,"16":6,"17":6,"18":6,"19":6,"20":6,"21":6,"22":6,"23":6,"24":6,"26":6,"27":6,"28":6,"29":6,"30":6,"32":6,"36":6,"38":1},"branchMap":{"0":{"type":"branch","line":6,"loc":{"start":{"line":6,"column":0},"end":{"line":37,"column":1}},"locations":[{"start":{"line":6,"column":0},"end":{"line":37,"column":1}}]},"1":{"type":"branch","line":9,"loc":{"start":{"line":9,"column":23},"end":{"line":15,"column":4}},"locations":[{"start":{"line":9,"column":23},"end":{"line":15,"column":4}}]},"2":{"type":"branch","line":11,"loc":{"start":{"line":11,"column":15},"end":{"line":15,"column":4}},"locations":[{"start":{"line":11,"column":15},"end":{"line":15,"column":4}}]},"3":{"type":"branch","line":25,"loc":{"start":{"line":25,"column":20},"end":{"line":25,"column":51}},"locations":[{"start":{"line":25,"column":20},"end":{"line":25,"column":51}}]},"4":{"type":"branch","line":31,"loc":{"start":{"line":31,"column":20},"end":{"line":31,"column":78}},"locations":[{"start":{"line":31,"column":20},"end":{"line":31,"column":78}}]}},"b":{"0":[6],"1":[2],"2":[1],"3":[1],"4":[1]},"fnMap":{"0":{"name":"ShoppingForm","decl":{"start":{"line":6,"column":0},"end":{"line":37,"column":1}},"loc":{"start":{"line":6,"column":0},"end":{"line":37,"column":1}},"line":6},"1":{"name":"handleSubmit","decl":{"start":{"line":9,"column":23},"end":{"line":15,"column":4}},"loc":{"start":{"line":9,"column":23},"end":{"line":15,"column":4}},"line":9},"2":{"name":"onChange","decl":{"start":{"line":25,"column":20},"end":{"line":25,"column":51}},"loc":{"start":{"line":25,"column":20},"end":{"line":25,"column":51}},"line":25},"3":{"name":"onChange","decl":{"start":{"line":31,"column":20},"end":{"line":31,"column":78}},"loc":{"start":{"line":31,"column":20},"end":{"line":31,"column":78}},"line":31}},"f":{"0":6,"1":2,"2":1,"3":1}}
}
